voice/build/intermediates/manifest_merge_blame_file/debug/processDebugManifest/manifest-merger-blame-debug-report.txt
1<?xml version="1.0" encoding="utf-8"?>
2<manifest xmlns:android="http://schemas.android.com/apk/res/android"
3    package="com.icon.aibrowserasistor.voice" >
4
5    <uses-sdk android:minSdkVersion="24" />
6
7    <uses-permission android:name="android.permission.RECORD_AUDIO" />
7-->src/main/AndroidManifest.xml:3:5-71
7-->src/main/AndroidManifest.xml:3:22-68
8
9    <application>
9-->src/main/AndroidManifest.xml:5:5-10:19
10        <provider
10-->src/main/AndroidManifest.xml:6:9-9:40
11            android:name="com.icon.aibrowserasistor.voice.SpeechFacadeProvider"
11-->src/main/AndroidManifest.xml:7:13-80
12            android:authorities="com.icon.aibrowserasistor.voice.provider"
12-->src/main/AndroidManifest.xml:8:13-75
13            android:exported="false" />
13-->src/main/AndroidManifest.xml:9:13-37
14    </application>
15
16</manifest>